memory profiling: sample.interval=20000
:284730:184296602:21343392:0:"SieveOfEratosthenes" 
:284730:184296602:21343392:0:"SieveOfEratosthenes" 
:284730:184296602:21343392:0:"SieveOfEratosthenes" 
:284730:184296602:21343392:0:"SieveOfEratosthenes" 
:284730:184296602:21343392:0:"SieveOfEratosthenes" 
:284730:184296602:21343392:0:"SieveOfEratosthenes" 
:284730:184296602:21343392:0:"SieveOfEratosthenes" 
:284730:184296602:21343392:0:"SieveOfEratosthenes" 
:284730:184296602:21343392:0:"SieveOfEratosthenes" 
:284730:184296602:21343392:0:"SieveOfEratosthenes" 
:284730:184296602:21343392:0:"SieveOfEratosthenes" 
:284730:184296602:21343392:0:"SieveOfEratosthenes" 
:284730:184296602:21343392:0:"SieveOfEratosthenes" 
:284730:184296602:21343392:0:"SieveOfEratosthenes" 
:284730:184296602:21343392:0:"SieveOfEratosthenes" 
:284730:184296602:21343392:0:"SieveOfEratosthenes" 
:284730:184296602:21343392:0:"SieveOfEratosthenes" 
:284746:234296602:21347032:1:"seq.default" "seq" "SieveOfEratosthenes" 
:284746:234296602:21347032:0:"seq.default" "seq" "SieveOfEratosthenes" 
:284746:234296602:21347032:0:"seq.default" "seq" "SieveOfEratosthenes" 
:284746:234296602:21347032:0:"seq.default" "seq" "SieveOfEratosthenes" 
:284746:234296602:21347032:0:"seq.default" "seq" "SieveOfEratosthenes" 
:284746:234296602:21347032:0:"seq.default" "seq" "SieveOfEratosthenes" 
:284746:234296602:21347032:0:"seq.default" "seq" "SieveOfEratosthenes" 
:284746:234296602:21347032:0:"seq.default" "seq" "SieveOfEratosthenes" 
:284746:234296602:21347032:0:"seq.default" "seq" "SieveOfEratosthenes" 
:284746:234296602:21347032:0:"seq.default" "seq" "SieveOfEratosthenes" 
:284746:234296602:21347032:0:"seq.default" "seq" "SieveOfEratosthenes" 
:284746:234296602:21347032:0:"seq.default" "seq" "SieveOfEratosthenes" 
:284746:234296602:21347032:0:"seq.default" "seq" "SieveOfEratosthenes" 
:284775:259296602:21352744:2:"seq.default" "seq" "SieveOfEratosthenes" 
:284775:259296602:21352744:0:"seq.default" "seq" "SieveOfEratosthenes" 
:284775:259296602:21352744:0:"seq.default" "seq" "SieveOfEratosthenes" 
:284775:259296602:21352744:0:"seq.default" "seq" "SieveOfEratosthenes" 
:284775:259296602:21352744:0:"seq.default" "seq" "SieveOfEratosthenes" 
:284775:259296602:21352744:0:"seq.default" "seq" "SieveOfEratosthenes" 
:284775:259296602:21352744:0:"seq.default" "seq" "SieveOfEratosthenes" 
:284775:259296602:21352744:0:"seq.default" "seq" "SieveOfEratosthenes" 
:284775:259296602:21352744:0:"seq.default" "seq" "SieveOfEratosthenes" 
:284775:259296602:21352744:0:"seq.default" "seq" "SieveOfEratosthenes" 
:284775:259296602:21352744:0:"seq.default" "seq" "SieveOfEratosthenes" 
:284775:259296602:21352744:0:"seq.default" "seq" "SieveOfEratosthenes" 
:284775:259296602:21352744:0:"seq.default" "seq" "SieveOfEratosthenes" 
:284775:259296602:21352744:0:"seq.default" "seq" "SieveOfEratosthenes" 
:284775:259296602:21352744:0:"seq.default" "seq" "SieveOfEratosthenes" 
:284775:259296602:21352744:0:"seq.default" "seq" "SieveOfEratosthenes" 
:284775:259296602:21352744:0:"seq.default" "seq" "SieveOfEratosthenes" 
:284775:259296602:21352744:0:"seq.default" "seq" "SieveOfEratosthenes" 
:284775:259296602:21352744:0:"seq.default" "seq" "SieveOfEratosthenes" 
:284775:259296602:21352744:0:"seq.default" "seq" "SieveOfEratosthenes" 
:284775:259296602:21352744:0:"seq.default" "seq" "SieveOfEratosthenes" 
:284775:259296602:21352744:0:"seq.default" "seq" "SieveOfEratosthenes" 
:284775:259296602:21352744:0:"seq.default" "seq" "SieveOfEratosthenes" 
:284775:259296602:21352744:0:"seq.default" "seq" "SieveOfEratosthenes" 
:284775:259296602:21352744:0:"seq.default" "seq" "SieveOfEratosthenes" 
:284775:259296602:21352744:0:"seq.default" "seq" "SieveOfEratosthenes" 
:284775:259296602:21352744:0:"seq.default" "seq" "SieveOfEratosthenes" 
:284775:259296602:21352744:0:"seq.default" "seq" "SieveOfEratosthenes" 
:284775:259296602:21352744:0:"seq.default" "seq" "SieveOfEratosthenes" 
:281221:249242162:20657616:1:"pmin" "seq.default" "seq" "SieveOfEratosthenes" 
:281221:228163237:20657616:0:"pmin" "seq.default" "seq" "SieveOfEratosthenes" 
:281055:225485556:20626872:0:"pmin" "seq.default" "seq" "SieveOfEratosthenes" 
:281055:175485556:20626872:0:"pmin" "seq.default" "seq" "SieveOfEratosthenes" 
:281055:125485556:20626872:0:"pmin" "seq.default" "seq" "SieveOfEratosthenes" 
:280525:225485062:20611640:0:"pmin" "seq.default" "seq" "SieveOfEratosthenes" 
:280525:225485062:20611640:0:"pmin" "seq.default" "seq" "SieveOfEratosthenes" 
:280525:225485062:20611640:0:"pmin" "seq.default" "seq" "SieveOfEratosthenes" 
:280525:225485062:20611640:0:"pmin" "seq.default" "seq" "SieveOfEratosthenes" 
:280525:225485062:20611640:0:"pmin" "seq.default" "seq" "SieveOfEratosthenes" 
:280525:225485062:20611640:0:"pmin" "seq.default" "seq" "SieveOfEratosthenes" 
:280525:225485062:20611640:0:"pmin" "seq.default" "seq" "SieveOfEratosthenes" 
:280525:225485062:20611640:0:"pmin" "seq.default" "seq" "SieveOfEratosthenes" 
:280525:225485062:20611640:0:"pmin" "seq.default" "seq" "SieveOfEratosthenes" 
:280525:225485062:20611640:0:"pmin" "seq.default" "seq" "SieveOfEratosthenes" 
:280525:225485062:20611640:0:"pmin" "seq.default" "seq" "SieveOfEratosthenes" 
:280525:225485062:20611640:0:"pmin" "seq.default" "seq" "SieveOfEratosthenes" 
:280525:225485062:20611640:0:"pmin" "seq.default" "seq" "SieveOfEratosthenes" 
:280525:225485062:20611640:0:"pmin" "seq.default" "seq" "SieveOfEratosthenes" 
:280525:225485062:20611640:0:"pmin" "seq.default" "seq" "SieveOfEratosthenes" 
:280525:225485062:20611640:0:"pmin" "seq.default" "seq" "SieveOfEratosthenes" 
:280525:225485062:20611640:0:"pmin" "seq.default" "seq" "SieveOfEratosthenes" 
:280525:225485062:20611640:0:"pmin" "seq.default" "seq" "SieveOfEratosthenes" 
:280525:225485062:20611640:0:"pmin" "seq.default" "seq" "SieveOfEratosthenes" 
:280525:225485062:20611640:0:"pmin" "seq.default" "seq" "SieveOfEratosthenes" 
:280525:225485062:20611640:0:"pmin" "seq.default" "seq" "SieveOfEratosthenes" 
:280525:225485062:20611640:0:"pmin" "seq.default" "seq" "SieveOfEratosthenes" 
:280525:225485062:20611640:0:"pmin" "seq.default" "seq" "SieveOfEratosthenes" 
:280525:225485062:20611640:0:"pmin" "seq.default" "seq" "SieveOfEratosthenes" 
:280525:225485062:20611640:0:"pmin" "seq.default" "seq" "SieveOfEratosthenes" 
:280525:225485062:20611640:0:"pmin" "seq.default" "seq" "SieveOfEratosthenes" 
:280525:225485062:20611640:0:"pmin" "seq.default" "seq" "SieveOfEratosthenes" 
:280525:225485062:20611640:0:"pmin" "seq.default" "seq" "SieveOfEratosthenes" 
:280525:225485062:20611640:0:"pmin" "seq.default" "seq" "SieveOfEratosthenes" 
:280525:225485062:20611640:0:"pmin" "seq.default" "seq" "SieveOfEratosthenes" 
:280525:225485062:20611640:0:"pmin" "seq.default" "seq" "SieveOfEratosthenes" 
:280525:225485062:20611640:0:"pmin" "seq.default" "seq" "SieveOfEratosthenes" 
:280525:225485062:20611640:0:"pmin" "seq.default" "seq" "SieveOfEratosthenes" 
:280526:225485062:20612424:0:"SieveOfEratosthenes" 
:280526:225485062:20612424:0:"SieveOfEratosthenes" 
:280526:225485062:20612424:0:"SieveOfEratosthenes" 
:280526:225485062:20612424:0:"SieveOfEratosthenes" 
:280526:225485062:20612424:0:"SieveOfEratosthenes" 
:280526:225485062:20612424:0:"SieveOfEratosthenes" 
:280526:225485062:20612424:0:"SieveOfEratosthenes" 
:280526:225485062:20612424:0:"SieveOfEratosthenes" 
:280526:225485062:20612424:0:"SieveOfEratosthenes" 
:280526:225485062:20612424:0:"SieveOfEratosthenes" 
:280526:225485062:20612424:0:"SieveOfEratosthenes" 
:280526:250485062:20612480:0:"SieveOfEratosthenes" 
:280526:250485062:20612480:0:"SieveOfEratosthenes" 
:280526:250485062:20612480:0:"SieveOfEratosthenes" 
:280526:250485062:20612480:0:"SieveOfEratosthenes" 
:280526:250485062:20612480:0:"SieveOfEratosthenes" 
:280526:250485062:20612480:0:"SieveOfEratosthenes" 
:280526:250485062:20612480:0:"SieveOfEratosthenes" 
:280526:250485062:20612480:0:"SieveOfEratosthenes" 
:280526:250485062:20612480:0:"SieveOfEratosthenes" 
:280526:250485062:20612480:0:"SieveOfEratosthenes" 
:280526:250485062:20612480:0:"SieveOfEratosthenes" 
:280526:250485062:20612480:0:"SieveOfEratosthenes" 
:280526:250485062:20612480:0:"SieveOfEratosthenes" 
:280526:250485062:20612480:0:"SieveOfEratosthenes" 
:280526:250485062:20612480:0:"SieveOfEratosthenes" 
:280526:250485062:20612480:0:"SieveOfEratosthenes" 
:280526:250485062:20612480:0:"SieveOfEratosthenes" 
:280526:250485062:20612480:0:"SieveOfEratosthenes" 
:280526:250485062:20612480:0:"SieveOfEratosthenes" 
:280526:250485062:20612480:0:"SieveOfEratosthenes" 
:280526:250485062:20612480:0:"SieveOfEratosthenes" 
:280526:250485062:20612480:0:"SieveOfEratosthenes" 
:280526:250485062:20612480:0:"SieveOfEratosthenes" 
:280526:250485062:20612480:0:"SieveOfEratosthenes" 
:280526:250485062:20612480:0:"SieveOfEratosthenes" 
:280526:250485062:20612480:0:"SieveOfEratosthenes" 
:280526:250485062:20612480:0:"SieveOfEratosthenes" 
:280526:250485062:20612480:0:"SieveOfEratosthenes" 
:280526:250485062:20612480:0:"SieveOfEratosthenes" 
:280526:250485062:20612480:0:"SieveOfEratosthenes" 
:280526:250485062:20612480:0:"SieveOfEratosthenes" 
:280526:250485062:20612480:0:"SieveOfEratosthenes" 
:280526:250485062:20612480:0:"SieveOfEratosthenes" 
:280526:250485062:20612480:0:"SieveOfEratosthenes" 
:280526:250485062:20612480:0:"SieveOfEratosthenes" 
:280526:250485062:20612480:0:"SieveOfEratosthenes" 
:280526:250485062:20612480:0:"SieveOfEratosthenes" 
:280526:250485062:20612480:0:"SieveOfEratosthenes" 
:280526:250485062:20612480:0:"SieveOfEratosthenes" 
:280526:250485062:20612480:0:"SieveOfEratosthenes" 
:280526:250485062:20612480:0:"SieveOfEratosthenes" 
:280526:250485062:20612480:0:"SieveOfEratosthenes" 
:280526:250485062:20612480:0:"SieveOfEratosthenes" 
:280526:250485062:20612480:0:"SieveOfEratosthenes" 
:280526:250485062:20612480:0:"SieveOfEratosthenes" 
:280526:250485062:20612480:0:"SieveOfEratosthenes" 
:280526:250485062:20612480:0:"SieveOfEratosthenes" 
:280526:250485062:20612480:0:"SieveOfEratosthenes" 
:280554:267151728:20618024:2:"seq.default" "seq" "SieveOfEratosthenes" 
:280554:267151728:20618024:0:"seq.default" "seq" "SieveOfEratosthenes" 
:280554:267151728:20618024:0:"seq.default" "seq" "SieveOfEratosthenes" 
:280554:267151728:20618024:0:"seq.default" "seq" "SieveOfEratosthenes" 
:280554:267151728:20618024:0:"seq.default" "seq" "SieveOfEratosthenes" 
:280554:267151728:20618024:0:"seq.default" "seq" "SieveOfEratosthenes" 
:280554:267151728:20618024:0:"seq.default" "seq" "SieveOfEratosthenes" 
:280554:267151728:20618024:0:"seq.default" "seq" "SieveOfEratosthenes" 
:280554:267151728:20618024:0:"seq.default" "seq" "SieveOfEratosthenes" 
:280554:267151728:20618024:0:"seq.default" "seq" "SieveOfEratosthenes" 
:280554:267151728:20618024:0:"seq.default" "seq" "SieveOfEratosthenes" 
:280554:267151728:20618024:0:"seq.default" "seq" "SieveOfEratosthenes" 
:280554:267151728:20618024:0:"seq.default" "seq" "SieveOfEratosthenes" 
:280554:267151728:20618024:0:"seq.default" "seq" "SieveOfEratosthenes" 
:280554:267151728:20618024:0:"seq.default" "seq" "SieveOfEratosthenes" 
:280554:267151728:20618024:0:"seq.default" "seq" "SieveOfEratosthenes" 
:280554:267151728:20618024:0:"seq.default" "seq" "SieveOfEratosthenes" 
:280554:267151728:20618024:0:"seq.default" "seq" "SieveOfEratosthenes" 
:280563:267151728:20622392:1:"pmin" "seq.default" "seq" "SieveOfEratosthenes" 
:280563:267151728:20622392:0:"pmin" "seq.default" "seq" "SieveOfEratosthenes" 
:280563:217151729:20622392:0:"pmin" "seq.default" "seq" "SieveOfEratosthenes" 
:280534:192151729:20615000:0:"pmin" "seq.default" "seq" "SieveOfEratosthenes" 
:280534:258818391:20615112:0:"pmin" "seq.default" "seq" "SieveOfEratosthenes" 
:280534:258818391:20615112:0:"pmin" "seq.default" "seq" "SieveOfEratosthenes" 
:280534:258818391:20615112:0:"pmin" "seq.default" "seq" "SieveOfEratosthenes" 
:280534:258818391:20615112:0:"pmin" "seq.default" "seq" "SieveOfEratosthenes" 
:280534:258818391:20615112:0:"pmin" "seq.default" "seq" "SieveOfEratosthenes" 
:280534:258818391:20615112:0:"pmin" "seq.default" "seq" "SieveOfEratosthenes" 
:280534:258818391:20615112:0:"pmin" "seq.default" "seq" "SieveOfEratosthenes" 
:280534:258818391:20615112:0:"pmin" "seq.default" "seq" "SieveOfEratosthenes" 
:280534:258818391:20615112:0:"pmin" "seq.default" "seq" "SieveOfEratosthenes" 
:280534:258818391:20615112:0:"pmin" "seq.default" "seq" "SieveOfEratosthenes" 
:280534:258818391:20615112:0:"pmin" "seq.default" "seq" "SieveOfEratosthenes" 
:280534:258818391:20615112:0:"pmin" "seq.default" "seq" "SieveOfEratosthenes" 
:280534:258818391:20615112:0:"pmin" "seq.default" "seq" "SieveOfEratosthenes" 
:280534:258818391:20615112:0:"pmin" "seq.default" "seq" "SieveOfEratosthenes" 
:280534:258818391:20615112:0:"pmin" "seq.default" "seq" "SieveOfEratosthenes" 
:280534:258818391:20615112:0:"pmin" "seq.default" "seq" "SieveOfEratosthenes" 
:280534:258818391:20615112:0:"pmin" "seq.default" "seq" "SieveOfEratosthenes" 
:280534:258818391:20615112:0:"pmin" "seq.default" "seq" "SieveOfEratosthenes" 
:280534:258818391:20615112:0:"pmin" "seq.default" "seq" "SieveOfEratosthenes" 
:280534:258818391:20615112:0:"pmin" "seq.default" "seq" "SieveOfEratosthenes" 
:280534:258818391:20615112:0:"pmin" "seq.default" "seq" "SieveOfEratosthenes" 
:280534:258818391:20615112:0:"pmin" "seq.default" "seq" "SieveOfEratosthenes" 
:280535:258818391:20615896:0:"SieveOfEratosthenes" 
:280535:258818391:20615896:0:"SieveOfEratosthenes" 
:280535:258818391:20615896:0:"SieveOfEratosthenes" 
:280535:258818391:20615896:0:"SieveOfEratosthenes" 
:280535:258818391:20615896:0:"SieveOfEratosthenes" 
:280535:258818391:20615896:0:"SieveOfEratosthenes" 
:280535:258818391:20615896:0:"SieveOfEratosthenes" 
:280535:242151725:20615896:0:"SieveOfEratosthenes" 
:280535:208818394:20615896:0:"SieveOfEratosthenes" 
:280527:208818394:20611920:0:"SieveOfEratosthenes" 
:280527:225485060:20611976:0:"SieveOfEratosthenes" 
:280527:225485060:20611976:0:"SieveOfEratosthenes" 
:280527:225485060:20611976:0:"SieveOfEratosthenes" 
:280527:225485060:20611976:0:"SieveOfEratosthenes" 
:280527:225485060:20611976:0:"SieveOfEratosthenes" 
:280527:225485060:20611976:0:"SieveOfEratosthenes" 
:280555:235485058:20617520:2:"seq.default" "seq" "SieveOfEratosthenes" 
:280555:235485058:20617520:0:"seq.default" "seq" "SieveOfEratosthenes" 
:280555:235485058:20617520:0:"seq.default" "seq" "SieveOfEratosthenes" 
:280555:235485058:20617520:0:"seq.default" "seq" "SieveOfEratosthenes" 
:280555:235485058:20617520:0:"seq.default" "seq" "SieveOfEratosthenes" 
:280555:235485058:20617520:0:"seq.default" "seq" "SieveOfEratosthenes" 
:280555:235485058:20617520:0:"seq.default" "seq" "SieveOfEratosthenes" 
:280555:235485058:20617520:0:"seq.default" "seq" "SieveOfEratosthenes" 
:280555:235485058:20617520:0:"seq.default" "seq" "SieveOfEratosthenes" 
:280564:255485054:20621944:1:"pmin" "seq.default" "seq" "SieveOfEratosthenes" 
:280564:255485054:20621944:0:"pmin" "seq.default" "seq" "SieveOfEratosthenes" 
:280564:255485054:20621944:0:"pmin" "seq.default" "seq" "SieveOfEratosthenes" 
:280564:230485054:20621944:0:"pmin" "seq.default" "seq" "SieveOfEratosthenes" 
:280564:147151724:20621944:0:"pmin" "seq.default" "seq" "SieveOfEratosthenes" 
:280525:130485058:20611584:0:"pmin" "seq.default" "seq" "SieveOfEratosthenes" 
:280525:150485054:20611640:0:"pmin" "seq.default" "seq" "SieveOfEratosthenes" 
:280525:150485054:20611640:0:"pmin" "seq.default" "seq" "SieveOfEratosthenes" 
:280525:150485054:20611640:0:"pmin" "seq.default" "seq" "SieveOfEratosthenes" 
:280525:150485054:20611640:0:"pmin" "seq.default" "seq" "SieveOfEratosthenes" 
:280525:150485054:20611640:0:"pmin" "seq.default" "seq" "SieveOfEratosthenes" 
:280525:150485054:20611640:0:"pmin" "seq.default" "seq" "SieveOfEratosthenes" 
:280525:150485054:20611640:0:"pmin" "seq.default" "seq" "SieveOfEratosthenes" 
:280525:150485054:20611640:0:"pmin" "seq.default" "seq" "SieveOfEratosthenes" 
:280525:150485054:20611640:0:"pmin" "seq.default" "seq" "SieveOfEratosthenes" 
:280525:150485054:20611640:0:"pmin" "seq.default" "seq" "SieveOfEratosthenes" 
:280525:150485054:20611640:0:"pmin" "seq.default" "seq" "SieveOfEratosthenes" 
:280525:150485054:20611640:0:"pmin" "seq.default" "seq" "SieveOfEratosthenes" 
:280525:150485054:20611640:0:"pmin" "seq.default" "seq" "SieveOfEratosthenes" 
:280526:150485054:20612424:0:"SieveOfEratosthenes" 
:280526:150485054:20612424:0:"SieveOfEratosthenes" 
:280526:150485054:20612424:0:"SieveOfEratosthenes" 
:280526:150485054:20612424:0:"SieveOfEratosthenes" 
:280526:150485054:20612424:0:"SieveOfEratosthenes" 
:280526:160485052:20612480:0:"SieveOfEratosthenes" 
:280526:160485052:20612480:0:"SieveOfEratosthenes" 
:280526:160485052:20612480:0:"SieveOfEratosthenes" 
:280526:160485052:20612480:0:"SieveOfEratosthenes" 
:280554:167627906:20618024:2:"seq.default" "seq" "SieveOfEratosthenes" 
:280554:167627906:20618024:0:"seq.default" "seq" "SieveOfEratosthenes" 
:280554:167627906:20618024:0:"seq.default" "seq" "SieveOfEratosthenes" 
:280554:167627906:20618024:0:"seq.default" "seq" "SieveOfEratosthenes" 
:280554:167627906:20618024:0:"seq.default" "seq" "SieveOfEratosthenes" 
:280554:167627906:20618024:0:"seq.default" "seq" "SieveOfEratosthenes" 
:280554:167627906:20618024:0:"seq.default" "seq" "SieveOfEratosthenes" 
:280554:167627906:20618024:0:"seq.default" "seq" "SieveOfEratosthenes" 
:280563:196199322:20622504:1:"pmin" "seq.default" "seq" "SieveOfEratosthenes" 
:280563:196199322:20622504:0:"pmin" "seq.default" "seq" "SieveOfEratosthenes" 
:280563:196199322:20622504:0:"pmin" "seq.default" "seq" "SieveOfEratosthenes" 
:280563:196199322:20622504:0:"pmin" "seq.default" "seq" "SieveOfEratosthenes" 
:280563:196199322:20622504:0:"pmin" "seq.default" "seq" "SieveOfEratosthenes" 
:280563:196199322:20622504:0:"pmin" "seq.default" "seq" "SieveOfEratosthenes" 
:280563:196199322:20622504:0:"pmin" "seq.default" "seq" "SieveOfEratosthenes" 
:280563:196199322:20622504:0:"pmin" "seq.default" "seq" "SieveOfEratosthenes" 
:280563:196199322:20622504:0:"pmin" "seq.default" "seq" "SieveOfEratosthenes" 
:280563:196199322:20622504:0:"pmin" "seq.default" "seq" "SieveOfEratosthenes" 
:280564:196199322:20623288:0:"SieveOfEratosthenes" 
:280564:196199322:20623288:0:"SieveOfEratosthenes" 
:280564:196199322:20623288:0:"SieveOfEratosthenes" 
:280564:203342176:20623344:0:"SieveOfEratosthenes" 
:280564:203342176:20623344:0:"SieveOfEratosthenes" 
:280564:203342176:20623344:0:"SieveOfEratosthenes" 
:280564:203342176:20623344:0:"SieveOfEratosthenes" 
:280564:203342176:20623344:0:"SieveOfEratosthenes" 
:280592:207887626:20628888:2:"seq.default" "seq" "SieveOfEratosthenes" 
:280592:207887626:20628888:0:"seq.default" "seq" "SieveOfEratosthenes" 
:280592:207887626:20628888:0:"seq.default" "seq" "SieveOfEratosthenes" 
:280592:207887626:20628888:0:"seq.default" "seq" "SieveOfEratosthenes" 
:280592:207887626:20628888:0:"seq.default" "seq" "SieveOfEratosthenes" 
:280601:226069424:20633368:1:"pmin" "seq.default" "seq" "SieveOfEratosthenes" 
:280601:226069424:20633368:0:"pmin" "seq.default" "seq" "SieveOfEratosthenes" 
:280601:226069424:20633368:0:"pmin" "seq.default" "seq" "SieveOfEratosthenes" 
:280601:226069424:20633368:0:"pmin" "seq.default" "seq" "SieveOfEratosthenes" 
:280601:226069424:20633368:0:"pmin" "seq.default" "seq" "SieveOfEratosthenes" 
:280601:226069424:20633368:0:"pmin" "seq.default" "seq" "SieveOfEratosthenes" 
:280602:226069424:20634152:0:"SieveOfEratosthenes" 
:280602:226069424:20634152:0:"SieveOfEratosthenes" 
:280602:230614874:20634208:0:"SieveOfEratosthenes" 
:280602:230614874:20634208:0:"SieveOfEratosthenes" 
:280602:230614874:20634208:0:"SieveOfEratosthenes" 
:280602:230614874:20634208:0:"SieveOfEratosthenes" 
:280630:234461022:20639752:2:"seq.default" "seq" "SieveOfEratosthenes" 
:280630:234461022:20639752:0:"seq.default" "seq" "SieveOfEratosthenes" 
:280630:234461022:20639752:0:"seq.default" "seq" "SieveOfEratosthenes" 
:280639:249845612:20644232:1:"pmin" "seq.default" "seq" "SieveOfEratosthenes" 
:280639:249845612:20644232:0:"pmin" "seq.default" "seq" "SieveOfEratosthenes" 
:280639:249845612:20644232:0:"pmin" "seq.default" "seq" "SieveOfEratosthenes" 
:280639:249845612:20644232:0:"pmin" "seq.default" "seq" "SieveOfEratosthenes" 
:280639:249845612:20644232:0:"pmin" "seq.default" "seq" "SieveOfEratosthenes" 
:280639:249845612:20644232:0:"pmin" "seq.default" "seq" "SieveOfEratosthenes" 
:280639:249845612:20644232:0:"pmin" "seq.default" "seq" "SieveOfEratosthenes" 
:280640:249845612:20645016:0:"SieveOfEratosthenes" 
:280640:253691760:20645072:0:"SieveOfEratosthenes" 
:280640:253691760:20645072:0:"SieveOfEratosthenes" 
:280640:253691760:20645072:0:"SieveOfEratosthenes" 
:280640:253691760:20645072:0:"SieveOfEratosthenes" 
:280668:256632928:20650616:2:"seq.default" "seq" "SieveOfEratosthenes" 
:280668:256632928:20650616:0:"seq.default" "seq" "SieveOfEratosthenes" 
:280668:256632928:20650616:0:"seq.default" "seq" "SieveOfEratosthenes" 
:280677:268397600:20655096:1:"pmin" "seq.default" "seq" "SieveOfEratosthenes" 
:280677:268397600:20655096:0:"pmin" "seq.default" "seq" "SieveOfEratosthenes" 
:280677:268397600:20655096:0:"pmin" "seq.default" "seq" "SieveOfEratosthenes" 
:280677:268397600:20655096:0:"pmin" "seq.default" "seq" "SieveOfEratosthenes" 
:280678:268397600:20655880:0:"SieveOfEratosthenes" 
:280678:268397600:20655880:0:"SieveOfEratosthenes" 
:280678:271338768:20655936:0:"SieveOfEratosthenes" 
:280678:271338768:20655936:0:"SieveOfEratosthenes" 
:280706:251338772:20661424:2:"seq.default" "seq" "SieveOfEratosthenes" 
:280706:205624504:20661424:0:"seq.default" "seq" "SieveOfEratosthenes" 
:280706:184845301:20661424:0:"seq.default" "seq" "SieveOfEratosthenes" 
:280706:151978214:20661424:0:"seq.default" "seq" "SieveOfEratosthenes" 
:280533:133116628:20614160:0:"seq.default" "seq" "SieveOfEratosthenes" 
:280533:133116628:20614160:0:"seq.default" "seq" "SieveOfEratosthenes" 
:280533:133116628:20614160:0:"seq.default" "seq" "SieveOfEratosthenes" 
:280542:143642906:20618640:1:"pmin" "seq.default" "seq" "SieveOfEratosthenes" 
:280542:143642906:20618640:0:"pmin" "seq.default" "seq" "SieveOfEratosthenes" 
:280543:143642906:20619424:0:"SieveOfEratosthenes" 
:280543:143642906:20619424:0:"SieveOfEratosthenes" 
:280543:146274476:20619480:0:"SieveOfEratosthenes" 
:280543:146274476:20619480:0:"SieveOfEratosthenes" 
:280571:148448378:20625024:2:"seq.default" "seq" "SieveOfEratosthenes" 
:280571:148448378:20625024:0:"seq.default" "seq" "SieveOfEratosthenes" 
:280580:157143986:20629504:1:"pmin" "seq.default" "seq" "SieveOfEratosthenes" 
:280580:157143986:20629504:0:"pmin" "seq.default" "seq" "SieveOfEratosthenes" 
:280581:157143986:20630288:0:"SieveOfEratosthenes" 
:280581:159317888:20630344:0:"SieveOfEratosthenes" 
:280609:161042012:20635888:2:"seq.default" "seq" "SieveOfEratosthenes" 
:280609:161042012:20635888:0:"seq.default" "seq" "SieveOfEratosthenes" 
:280618:167938506:20640368:1:"pmin" "seq.default" "seq" "SieveOfEratosthenes" 
:280618:167938506:20640368:0:"pmin" "seq.default" "seq" "SieveOfEratosthenes" 
:280619:167938506:20641152:0:"SieveOfEratosthenes" 
:280619:169662630:20641208:0:"SieveOfEratosthenes" 
:280619:169662630:20641208:0:"SieveOfEratosthenes" 
:280620:169662630:20641264:0:"SieveOfEratosthenes" 
:280647:171275518:20646752:2:"seq.default" "seq" "SieveOfEratosthenes" 
:280656:177727070:20651232:1:"pmin" "seq.default" "seq" "SieveOfEratosthenes" 
:280656:177727070:20651232:0:"pmin" "seq.default" "seq" "SieveOfEratosthenes" 
:280657:177727070:20652016:0:"SieveOfEratosthenes" 
:280657:179339958:20652072:0:"SieveOfEratosthenes" 
:280685:180691291:20657616:2:"seq.default" "seq" "SieveOfEratosthenes" 
:280685:180691291:20657616:0:"seq.default" "seq" "SieveOfEratosthenes" 
:280694:186096623:20662096:1:"pmin" "seq.default" "seq" "SieveOfEratosthenes" 
:280695:186096623:20662880:0:"SieveOfEratosthenes" 
:280695:187447956:20662936:0:"SieveOfEratosthenes" 
:280696:187447956:20662992:0:"SieveOfEratosthenes" 
:280723:188667448:20668480:2:"seq.default" "seq" "SieveOfEratosthenes" 
:280732:193545416:20672960:1:"pmin" "seq.default" "seq" "SieveOfEratosthenes" 
:280733:193545416:20673744:0:"SieveOfEratosthenes" 
:280733:194764908:20673800:0:"SieveOfEratosthenes" 
:280734:194764908:20673856:0:"SieveOfEratosthenes" 
:280761:195927678:20679344:2:"seq.default" "seq" "SieveOfEratosthenes" 
:280770:200578756:20683824:1:"pmin" "seq.default" "seq" "SieveOfEratosthenes" 
:280771:200578756:20684608:0:"SieveOfEratosthenes" 
:280771:201741526:20684664:0:"SieveOfEratosthenes" 
:280772:201741526:20684720:0:"SieveOfEratosthenes" 
:280799:202805333:20690208:2:"seq.default" "seq" "SieveOfEratosthenes" 
:280808:207060559:20694688:1:"pmin" "seq.default" "seq" "SieveOfEratosthenes" 
:280809:207060559:20695472:0:"SieveOfEratosthenes" 
:280809:208124366:20695528:0:"SieveOfEratosthenes" 
:280837:209067736:20701072:2:"seq.default" "seq" "SieveOfEratosthenes" 
:280846:212841216:20705552:1:"pmin" "seq.default" "seq" "SieveOfEratosthenes" 
:280847:212841216:20706336:0:"SieveOfEratosthenes" 
:280847:213784586:20706392:0:"SieveOfEratosthenes" 
:280875:214632015:20711936:2:"seq.default" "seq" "SieveOfEratosthenes" 
:280884:218021729:20716416:1:"pmin" "seq.default" "seq" "SieveOfEratosthenes" 
:280885:218869158:20717256:0:"SieveOfEratosthenes" 
:280913:218869158:20722744:2:"seq.default" "seq" "SieveOfEratosthenes" 
:280913:219688800:20722800:0:"seq.default" "seq" "SieveOfEratosthenes" 
:280922:222967368:20727280:1:"pmin" "seq.default" "seq" "SieveOfEratosthenes" 
:280923:223787010:20728120:0:"SieveOfEratosthenes" 
:280951:224533246:20733664:2:"seq.default" "seq" "SieveOfEratosthenes" 
:280960:227518188:20738144:1:"pmin" "seq.default" "seq" "SieveOfEratosthenes" 
:280960:227518188:20738144:0:"pmin" "seq.default" "seq" "SieveOfEratosthenes" 
:280989:228264424:20744472:2:"seq.default" "seq" "SieveOfEratosthenes" 
:280998:231785374:20749008:1:"pmin" "seq.default" "seq" "SieveOfEratosthenes" 
:280999:231785374:20749792:0:"SieveOfEratosthenes" 
:280999:232489564:20749848:0:"SieveOfEratosthenes" 
:281027:233174460:20755392:2:"seq.default" "seq" "SieveOfEratosthenes" 
:281036:235914042:20759872:1:"pmin" "seq.default" "seq" "SieveOfEratosthenes" 
:281037:236598938:20760712:0:"SieveOfEratosthenes" 
:281074:237231810:20770624:3:"pmin" "seq.default" "seq" "SieveOfEratosthenes" 
:281074:239763298:20770736:0:"pmin" "seq.default" "seq" "SieveOfEratosthenes" 
:281075:240396170:20771576:0:"SieveOfEratosthenes" 
:281112:243408013:20781600:3:"pmin" "seq.default" "seq" "SieveOfEratosthenes" 
:281113:243408013:20782384:0:"SieveOfEratosthenes" 
:281114:244010382:20782496:0:"SieveOfEratosthenes" 
:281150:246819150:20792464:3:"pmin" "seq.default" "seq" "SieveOfEratosthenes" 
:281151:246819150:20793248:0:"SieveOfEratosthenes" 
:281179:247896320:20798848:2:"seq.default" "seq" "SieveOfEratosthenes" 
:281188:249957982:20803328:1:"pmin" "seq.default" "seq" "SieveOfEratosthenes" 
:281189:249957982:20804112:0:"SieveOfEratosthenes" 
:281217:250968398:20809712:2:"seq.default" "seq" "SieveOfEratosthenes" 
:281226:252948396:20814192:1:"pmin" "seq.default" "seq" "SieveOfEratosthenes" 
:281227:253443396:20815032:0:"SieveOfEratosthenes" 
:281264:253928782:20824944:3:"pmin" "seq.default" "seq" "SieveOfEratosthenes" 
:281264:255870324:20825056:0:"pmin" "seq.default" "seq" "SieveOfEratosthenes" 
:281265:256355710:20825896:0:"SieveOfEratosthenes" 
:281302:258691893:20835920:3:"pmin" "seq.default" "seq" "SieveOfEratosthenes" 
:281303:259159130:20836760:0:"SieveOfEratosthenes" 
:281340:259617792:20846672:3:"pmin" "seq.default" "seq" "SieveOfEratosthenes" 
:281341:261911100:20847624:0:"SieveOfEratosthenes" 
:281369:262353522:20853168:2:"seq.default" "seq" "SieveOfEratosthenes" 
:281379:264123208:20858432:1:"SieveOfEratosthenes" 
:281416:264959268:20868400:3:"pmin" "seq.default" "seq" "SieveOfEratosthenes" 
:281417:266927456:20869352:0:"SieveOfEratosthenes" 
:281454:268835526:20879376:3:"pmin" "seq.default" "seq" "SieveOfEratosthenes" 
:281483:269217140:20885704:2:"seq.default" "seq" "SieveOfEratosthenes" 
:281492:271041618:20890240:1:"pmin" "seq.default" "seq" "SieveOfEratosthenes" 
:281530:271766157:20900992:3:"pmin" "seq.default" "seq" "SieveOfEratosthenes" 
:281530:244560059:20901048:0:"pmin" "seq.default" "seq" "SieveOfEratosthenes" 
:281530:235939441:20901048:0:"pmin" "seq.default" "seq" "SieveOfEratosthenes" 
:281530:222208114:20901048:0:"pmin" "seq.default" "seq" "SieveOfEratosthenes" 
:281530:210837163:20901048:0:"pmin" "seq.default" "seq" "SieveOfEratosthenes" 
:281530:186732913:20901048:0:"pmin" "seq.default" "seq" "SieveOfEratosthenes" 
:281530:173112507:20901048:0:"pmin" "seq.default" "seq" "SieveOfEratosthenes" 
:281530:155644089:20901048:0:"pmin" "seq.default" "seq" "SieveOfEratosthenes" 
:281530:137529773:20901048:0:"pmin" "seq.default" "seq" "SieveOfEratosthenes" 
:280571:135274486:20624016:2:"seq.default" "seq" "SieveOfEratosthenes" 
:280581:137287462:20629392:1:"SieveOfEratosthenes" 
:280647:139273766:20645744:5:"seq.default" "seq" "SieveOfEratosthenes" 
:280657:141184124:20651120:1:"SieveOfEratosthenes" 
:280695:143024126:20661984:3:"SieveOfEratosthenes" 
:280733:144520716:20672792:3:"SieveOfEratosthenes" 
:280770:146264689:20682872:3:"pmin" "seq.default" "seq" "SieveOfEratosthenes" 
:280808:147949823:20693736:3:"pmin" "seq.default" "seq" "SieveOfEratosthenes" 
:280846:148505217:20704488:3:"pmin" "seq.default" "seq" "SieveOfEratosthenes" 
:280875:150147667:20710984:2:"seq.default" "seq" "SieveOfEratosthenes" 
:280913:151715063:20721848:3:"seq.default" "seq" "SieveOfEratosthenes" 
:280960:153263627:20737080:4:"pmin" "seq.default" "seq" "SieveOfEratosthenes" 
:280989:154783329:20743576:2:"seq.default" "seq" "SieveOfEratosthenes" 
:281027:156275976:20754440:3:"seq.default" "seq" "SieveOfEratosthenes" 
:281065:157684388:20765304:3:"seq.default" "seq" "SieveOfEratosthenes" 
:281112:159025059:20780536:4:"pmin" "seq.default" "seq" "SieveOfEratosthenes" 
:281150:161216947:20791512:3:"pmin" "seq.default" "seq" "SieveOfEratosthenes" 
:281188:162507554:20802376:3:"pmin" "seq.default" "seq" "SieveOfEratosthenes" 
:281227:163767460:20814024:3:"SieveOfEratosthenes" 
:281265:165013289:20824888:3:"SieveOfEratosthenes" 
:281331:166415106:20841296:5:"seq.default" "seq" "SieveOfEratosthenes" 
:281369:167771637:20852216:3:"seq.default" "seq" "SieveOfEratosthenes" 
:281416:169650250:20867560:4:"pmin" "seq.default" "seq" "SieveOfEratosthenes" 
:281455:170757823:20879208:3:"SieveOfEratosthenes" 
:281521:172024392:20895616:5:"seq.default" "seq" "SieveOfEratosthenes" 
:281568:173267703:20910904:4:"pmin" "seq.default" "seq" "SieveOfEratosthenes" 
:281607:175173400:20922720:3:"SieveOfEratosthenes" 
:281682:176310295:20943496:6:"pmin" "seq.default" "seq" "SieveOfEratosthenes" 
:281749:178070906:20960800:5:"seq.default" "seq" "SieveOfEratosthenes" 
:281797:179770790:20976984:4:"SieveOfEratosthenes" 
:281872:180954799:20997816:6:"pmin" "seq.default" "seq" "SieveOfEratosthenes" 
:281911:182532946:21009632:3:"SieveOfEratosthenes" 
:281987:184077231:21031304:6:"SieveOfEratosthenes" 
:282063:185701978:21053032:6:"SieveOfEratosthenes" 
:282139:187278047:21074760:6:"SieveOfEratosthenes" 
:282215:188807181:21096488:6:"SieveOfEratosthenes" 
:282290:190290081:21117432:6:"pmin" "seq.default" "seq" "SieveOfEratosthenes" 
:282366:191719635:21139160:6:"pmin" "seq.default" "seq" "SieveOfEratosthenes" 
:282442:193109239:21160888:6:"pmin" "seq.default" "seq" "SieveOfEratosthenes" 
:282519:194469780:21183400:6:"SieveOfEratosthenes" 
:282623:195904320:21210672:8:"seq.default" "seq" "SieveOfEratosthenes" 
:282708:197734423:21236936:7:"pmin" "seq.default" "seq" "SieveOfEratosthenes" 
:282785:198978256:21259448:6:"SieveOfEratosthenes" 
:282861:200289914:21281232:6:"SieveOfEratosthenes" 
:282965:201568405:21308504:8:"seq.default" "seq" "SieveOfEratosthenes" 
:283051:203079751:21335496:7:"SieveOfEratosthenes" 
:283164:204698285:21367304:9:"pmin" "seq.default" "seq" "SieveOfEratosthenes" 
:283269:205836032:21395360:8:"seq.default" "seq" "SieveOfEratosthenes" 
:283354:207283653:21421624:7:"pmin" "seq.default" "seq" "SieveOfEratosthenes" 
:283459:208364080:21449680:8:"seq.default" "seq" "SieveOfEratosthenes" 
:283573:209828428:21482272:9:"seq.default" "seq" "SieveOfEratosthenes" 
:283659:211250866:21509376:7:"SieveOfEratosthenes" 
:283801:212634702:21547456:11:"seq.default" "seq" "SieveOfEratosthenes" 
:283915:213983588:21580048:9:"seq.default" "seq" "SieveOfEratosthenes" 
:284001:215293962:21607152:7:"SieveOfEratosthenes" 
:284143:216555920:21645232:11:"seq.default" "seq" "SieveOfEratosthenes" 
:284266:218111832:21682360:10:"pmin" "seq.default" "seq" "SieveOfEratosthenes" 
:284381:219361942:21715792:9:"SieveOfEratosthenes" 
:284532:220576709:21758296:12:"pmin" "seq.default" "seq" "SieveOfEratosthenes" 
:284646:221684771:21790888:9:"pmin" "seq.default" "seq" "SieveOfEratosthenes" 
:284761:223009052:21824376:9:"SieveOfEratosthenes" 
:284912:224178418:21866936:12:"pmin" "seq.default" "seq" "SieveOfEratosthenes" 
:285055:225489674:21905968:11:"seq.default" "seq" "SieveOfEratosthenes" 
:285207:226816958:21949424:12:"seq.default" "seq" "SieveOfEratosthenes" 
:285359:228094136:21992880:12:"seq.default" "seq" "SieveOfEratosthenes" 
:285511:229333410:22036336:12:"seq.default" "seq" "SieveOfEratosthenes" 
:285672:230586502:22084216:13:"pmin" "seq.default" "seq" "SieveOfEratosthenes" 
:285825:231946894:22128568:12:"SieveOfEratosthenes" 
:286005:233132952:22177568:14:"seq.default" "seq" "SieveOfEratosthenes" 
:286167:234468141:22226344:13:"SieveOfEratosthenes" 
:286356:235634881:22279768:15:"pmin" "seq.default" "seq" "SieveOfEratosthenes" 
:286537:236895940:22329664:14:"seq.default" "seq" "SieveOfEratosthenes" 
:286727:238150638:22383984:15:"seq.default" "seq" "SieveOfEratosthenes" 
:286888:239165073:22431864:13:"pmin" "seq.default" "seq" "SieveOfEratosthenes" 
:287078:240430748:22486240:15:"pmin" "seq.default" "seq" "SieveOfEratosthenes" 
:287268:241653895:22540616:15:"pmin" "seq.default" "seq" "SieveOfEratosthenes" 
:287459:242817066:22595776:15:"SieveOfEratosthenes" 
:287686:243933383:22660008:18:"pmin" "seq.default" "seq" "SieveOfEratosthenes" 
:287863:244935442:22709456:14:"max" "seq.default" "seq" "SieveOfEratosthenes" 
:288057:245952160:22764224:15:"seq.default" "seq" "SieveOfEratosthenes" 
:288257:247143208:22823920:16:"SieveOfEratosthenes" 
:288513:248302892:22894592:20:"seq.default" "seq" "SieveOfEratosthenes" 
:288712:249395577:22953448:16:"pmin" "seq.default" "seq" "SieveOfEratosthenes" 
:288903:250340356:23008608:15:"SieveOfEratosthenes" 
:289168:251562281:23083816:21:"pmin" "seq.default" "seq" "SieveOfEratosthenes" 
:289434:252655131:23159752:21:"pmin" "seq.default" "seq" "SieveOfEratosthenes" 
:289700:253933933:23235912:21:"pmin" "seq.default" "seq" "SieveOfEratosthenes" 
:289995:255087784:23318288:23:"seq.default" "seq" "SieveOfEratosthenes" 
:290270:256300513:23398872:22:"pmin" "seq.default" "seq" "SieveOfEratosthenes" 
:290574:257400152:23485672:24:"pmin" "seq.default" "seq" "SieveOfEratosthenes" 
:290840:258508542:23561832:21:"pmin" "seq.default" "seq" "SieveOfEratosthenes" 
:291173:259655714:23655072:26:"seq.default" "seq" "SieveOfEratosthenes" 
:291515:260879262:23752848:27:"seq.default" "seq" "SieveOfEratosthenes" 
:291791:261909214:23834216:22:"SieveOfEratosthenes" 
:292161:263068124:23937536:29:"seq.default" "seq" "SieveOfEratosthenes" 
:292512:264190843:24039736:28:"pmin" "seq.default" "seq" "SieveOfEratosthenes" 
:292892:265378749:24148376:30:"pmin" "seq.default" "seq" "SieveOfEratosthenes" 
:293234:266489357:24246264:27:"pmin" "seq.default" "seq" "SieveOfEratosthenes" 
:293681:267712686:24372096:35:"seq.default" "seq" "SieveOfEratosthenes" 
:294175:269074496:24513328:39:"seq.default" "seq" "SieveOfEratosthenes" 
:294669:270409188:24654616:39:"seq.default" "seq" "SieveOfEratosthenes" 
:295172:271736843:24800328:40:"pmin" "seq.default" "seq" "SieveOfEratosthenes" 
:295552:267242018:24908912:30:"pmin" "seq.default" "seq" "SieveOfEratosthenes" 
:295552:245184527:24908912:0:"pmin" "seq.default" "seq" "SieveOfEratosthenes" 
:295552:221937566:24908912:0:"pmin" "seq.default" "seq" "SieveOfEratosthenes" 
:295552:198223890:24908912:0:"pmin" "seq.default" "seq" "SieveOfEratosthenes" 
:295552:168724854:24908912:0:"pmin" "seq.default" "seq" "SieveOfEratosthenes" 
:280580:134302794:20627544:2:"seq.default" "seq" "SieveOfEratosthenes" 
:281235:135811940:20816600:52:"pmin" "seq.default" "seq" "SieveOfEratosthenes" 
:281844:137218029:20991376:48:"SieveOfEratosthenes" 
:282518:138568963:21181552:53:"seq.default" "seq" "SieveOfEratosthenes" 
:283211:139984655:21381640:55:"pmin" "seq.default" "seq" "SieveOfEratosthenes" 
:283924:141285435:21583520:56:"seq.default" "seq" "SieveOfEratosthenes" 
:284693:142650894:21805224:61:"pmin" "seq.default" "seq" "SieveOfEratosthenes" 
:285520:144053145:22039864:65:"seq.default" "seq" "SieveOfEratosthenes" 
:286404:145465235:22295000:70:"SieveOfEratosthenes" 
:287201:146605120:22522248:63:"pmin" "seq.default" "seq" "SieveOfEratosthenes" 
:288028:147753453:22756832:65:"seq.default" "seq" "SieveOfEratosthenes" 
:289025:149039173:23043720:79:"pmin" "seq.default" "seq" "SieveOfEratosthenes" 
:290080:150302447:23343488:83:"seq.default" "seq" "SieveOfEratosthenes" 
:291078:151429429:23631272:79:"SieveOfEratosthenes" 
:292369:152732739:23999864:102:"pmin" "seq.default" "seq" "SieveOfEratosthenes" 
:293462:153720613:24310384:86:"seq.default" "seq" "SieveOfEratosthenes" 
:294991:155012051:24749480:121:"pmin" "seq.default" "seq" "SieveOfEratosthenes" 
:296777:156306705:25260088:141:"pmin" "seq.default" "seq" "SieveOfEratosthenes" 
:298934:157600709:25874800:170:"seq.default" "seq" "SieveOfEratosthenes" 
:301604:158871031:26640656:211:"SieveOfEratosthenes" 
:304643:159858304:27508824:240:"pmin" "seq.default" "seq" "SieveOfEratosthenes" 
:310954:160655681:29313592:499:"sum" "SieveOfEratosthenes" 
:310954:160655681:29313592:0:"sum" "SieveOfEratosthenes" 
:310954:160655681:29313592:0:"sum" "SieveOfEratosthenes" 
:310954:160655681:29313592:0:"sum" "SieveOfEratosthenes" 
:310954:160655681:29313592:0:"sum" "SieveOfEratosthenes" 
:310954:160655681:29313592:0:"sum" "SieveOfEratosthenes" 
:310955:160655681:29313928:1:"sum" "SieveOfEratosthenes" 
:310955:160655681:29313928:0:"sum" "SieveOfEratosthenes" 
:310955:160655681:29313928:0:"sum" "SieveOfEratosthenes" 
:310955:160655681:29313928:0:"sum" "SieveOfEratosthenes" 
:310955:160655681:29313928:0:"sum" "SieveOfEratosthenes" 
:310955:160655681:29313928:0:"sum" "SieveOfEratosthenes" 
:310955:160655681:29313928:0:"sum" "SieveOfEratosthenes" 
