memory profiling: sample.interval=20000
:331536:210690416:32411792:0:"SieveOfEratosthenes" 
:331536:210690416:32411792:0:"SieveOfEratosthenes" 
:331536:210690416:32411792:0:"SieveOfEratosthenes" 
:331536:210690416:32411792:0:"SieveOfEratosthenes" 
:331536:210690416:32411792:0:"SieveOfEratosthenes" 
:331536:210690416:32411792:0:"SieveOfEratosthenes" 
:331536:210690416:32411792:0:"SieveOfEratosthenes" 
:331536:210690416:32411792:0:"SieveOfEratosthenes" 
:331536:210690416:32411792:0:"SieveOfEratosthenes" 
:331536:210690416:32411792:0:"SieveOfEratosthenes" 
:331536:210690416:32411792:0:"SieveOfEratosthenes" 
:331536:210690416:32411792:0:"SieveOfEratosthenes" 
:331536:210690416:32411792:0:"SieveOfEratosthenes" 
:331536:210690416:32411792:0:"SieveOfEratosthenes" 
:331536:210690416:32411792:0:"SieveOfEratosthenes" 
:331536:210690416:32411792:0:"SieveOfEratosthenes" 
:331552:260690416:32415432:1:"seq.default" "seq" "SieveOfEratosthenes" 
:331552:260690416:32415432:0:"seq.default" "seq" "SieveOfEratosthenes" 
:331552:260690416:32415432:0:"seq.default" "seq" "SieveOfEratosthenes" 
:331552:260690416:32415432:0:"seq.default" "seq" "SieveOfEratosthenes" 
:331552:260690416:32415432:0:"seq.default" "seq" "SieveOfEratosthenes" 
:331552:260690416:32415432:0:"seq.default" "seq" "SieveOfEratosthenes" 
:331552:260690416:32415432:0:"seq.default" "seq" "SieveOfEratosthenes" 
:331552:260690416:32415432:0:"seq.default" "seq" "SieveOfEratosthenes" 
:331552:260690416:32415432:0:"seq.default" "seq" "SieveOfEratosthenes" 
:331552:260690416:32415432:0:"seq.default" "seq" "SieveOfEratosthenes" 
:331581:260690416:32421088:2:"seq.default" "seq" "SieveOfEratosthenes" 
:331581:230330779:32421088:0:"seq.default" "seq" "SieveOfEratosthenes" 
:331581:208154198:32421088:0:"seq.default" "seq" "SieveOfEratosthenes" 
:284637:225485157:20633256:0:"seq.default" "seq" "SieveOfEratosthenes" 
:284637:225485157:20633256:0:"seq.default" "seq" "SieveOfEratosthenes" 
:284637:225485157:20633256:0:"seq.default" "seq" "SieveOfEratosthenes" 
:284637:225485157:20633256:0:"seq.default" "seq" "SieveOfEratosthenes" 
:284637:225485157:20633256:0:"seq.default" "seq" "SieveOfEratosthenes" 
:284637:225485157:20633256:0:"seq.default" "seq" "SieveOfEratosthenes" 
:284637:225485157:20633256:0:"seq.default" "seq" "SieveOfEratosthenes" 
:284637:225485157:20633256:0:"seq.default" "seq" "SieveOfEratosthenes" 
:284637:225485157:20633256:0:"seq.default" "seq" "SieveOfEratosthenes" 
:284637:225485157:20633256:0:"seq.default" "seq" "SieveOfEratosthenes" 
:284637:225485157:20633256:0:"seq.default" "seq" "SieveOfEratosthenes" 
:284637:225485157:20633256:0:"seq.default" "seq" "SieveOfEratosthenes" 
:284637:225485157:20633256:0:"seq.default" "seq" "SieveOfEratosthenes" 
:284637:225485157:20633256:0:"seq.default" "seq" "SieveOfEratosthenes" 
:284637:225485157:20633256:0:"seq.default" "seq" "SieveOfEratosthenes" 
:284637:225485157:20633256:0:"seq.default" "seq" "SieveOfEratosthenes" 
:284637:225485157:20633256:0:"seq.default" "seq" "SieveOfEratosthenes" 
:284637:225485157:20633256:0:"seq.default" "seq" "SieveOfEratosthenes" 
:284637:225485157:20633256:0:"seq.default" "seq" "SieveOfEratosthenes" 
:284637:225485157:20633256:0:"seq.default" "seq" "SieveOfEratosthenes" 
:284637:225485157:20633256:0:"seq.default" "seq" "SieveOfEratosthenes" 
:284637:225485157:20633256:0:"seq.default" "seq" "SieveOfEratosthenes" 
:284637:225485157:20633256:0:"seq.default" "seq" "SieveOfEratosthenes" 
:284637:225485157:20633256:0:"seq.default" "seq" "SieveOfEratosthenes" 
:284637:225485157:20633256:0:"seq.default" "seq" "SieveOfEratosthenes" 
:284637:225485157:20633256:0:"seq.default" "seq" "SieveOfEratosthenes" 
:284646:175485157:20637624:1:"pmin" "seq.default" "seq" "SieveOfEratosthenes" 
:284646:125485157:20637624:0:"pmin" "seq.default" "seq" "SieveOfEratosthenes" 
:280535:225485155:20614216:0:"pmin" "seq.default" "seq" "SieveOfEratosthenes" 
:280535:225485155:20614216:0:"pmin" "seq.default" "seq" "SieveOfEratosthenes" 
:280535:225485155:20614216:0:"pmin" "seq.default" "seq" "SieveOfEratosthenes" 
:280535:225485155:20614216:0:"pmin" "seq.default" "seq" "SieveOfEratosthenes" 
:280535:225485155:20614216:0:"pmin" "seq.default" "seq" "SieveOfEratosthenes" 
:280535:225485155:20614216:0:"pmin" "seq.default" "seq" "SieveOfEratosthenes" 
:280535:225485155:20614216:0:"pmin" "seq.default" "seq" "SieveOfEratosthenes" 
:280535:225485155:20614216:0:"pmin" "seq.default" "seq" "SieveOfEratosthenes" 
:280535:225485155:20614216:0:"pmin" "seq.default" "seq" "SieveOfEratosthenes" 
:280535:225485155:20614216:0:"pmin" "seq.default" "seq" "SieveOfEratosthenes" 
:280535:225485155:20614216:0:"pmin" "seq.default" "seq" "SieveOfEratosthenes" 
:280535:225485155:20614216:0:"pmin" "seq.default" "seq" "SieveOfEratosthenes" 
:280535:225485155:20614216:0:"pmin" "seq.default" "seq" "SieveOfEratosthenes" 
:280535:225485155:20614216:0:"pmin" "seq.default" "seq" "SieveOfEratosthenes" 
:280535:225485155:20614216:0:"pmin" "seq.default" "seq" "SieveOfEratosthenes" 
:280535:225485155:20614216:0:"pmin" "seq.default" "seq" "SieveOfEratosthenes" 
:280535:225485155:20614216:0:"pmin" "seq.default" "seq" "SieveOfEratosthenes" 
:280535:225485155:20614216:0:"pmin" "seq.default" "seq" "SieveOfEratosthenes" 
:280535:225485155:20614216:0:"pmin" "seq.default" "seq" "SieveOfEratosthenes" 
:280535:225485155:20614216:0:"pmin" "seq.default" "seq" "SieveOfEratosthenes" 
:280535:225485155:20614216:0:"pmin" "seq.default" "seq" "SieveOfEratosthenes" 
:280535:225485155:20614216:0:"pmin" "seq.default" "seq" "SieveOfEratosthenes" 
:280535:225485155:20614216:0:"pmin" "seq.default" "seq" "SieveOfEratosthenes" 
:280535:225485155:20614216:0:"pmin" "seq.default" "seq" "SieveOfEratosthenes" 
:280535:225485155:20614216:0:"pmin" "seq.default" "seq" "SieveOfEratosthenes" 
:280535:225485155:20614216:0:"pmin" "seq.default" "seq" "SieveOfEratosthenes" 
:280535:225485155:20614216:0:"pmin" "seq.default" "seq" "SieveOfEratosthenes" 
:280535:225485155:20614216:0:"pmin" "seq.default" "seq" "SieveOfEratosthenes" 
:280535:225485155:20614216:0:"pmin" "seq.default" "seq" "SieveOfEratosthenes" 
:280535:225485155:20614216:0:"pmin" "seq.default" "seq" "SieveOfEratosthenes" 
:280535:225485155:20614216:0:"pmin" "seq.default" "seq" "SieveOfEratosthenes" 
:280535:225485155:20614216:0:"pmin" "seq.default" "seq" "SieveOfEratosthenes" 
:280535:225485155:20614216:0:"pmin" "seq.default" "seq" "SieveOfEratosthenes" 
:280535:225485155:20614216:0:"pmin" "seq.default" "seq" "SieveOfEratosthenes" 
:280535:225485155:20614216:0:"pmin" "seq.default" "seq" "SieveOfEratosthenes" 
:280536:225485155:20615000:0:"SieveOfEratosthenes" 
:280536:225485155:20615000:0:"SieveOfEratosthenes" 
:280536:225485155:20615000:0:"SieveOfEratosthenes" 
:280536:225485155:20615000:0:"SieveOfEratosthenes" 
:280536:225485155:20615000:0:"SieveOfEratosthenes" 
:280536:225485155:20615000:0:"SieveOfEratosthenes" 
:280536:225485155:20615000:0:"SieveOfEratosthenes" 
:280536:225485155:20615000:0:"SieveOfEratosthenes" 
:280536:225485155:20615000:0:"SieveOfEratosthenes" 
:280536:225485155:20615000:0:"SieveOfEratosthenes" 
:280536:225485155:20615000:0:"SieveOfEratosthenes" 
:280536:250485155:20615056:0:"SieveOfEratosthenes" 
:280536:250485155:20615056:0:"SieveOfEratosthenes" 
:280536:250485155:20615056:0:"SieveOfEratosthenes" 
:280536:250485155:20615056:0:"SieveOfEratosthenes" 
:280536:250485155:20615056:0:"SieveOfEratosthenes" 
:280536:250485155:20615056:0:"SieveOfEratosthenes" 
:280536:250485155:20615056:0:"SieveOfEratosthenes" 
:280536:250485155:20615056:0:"SieveOfEratosthenes" 
:280536:250485155:20615056:0:"SieveOfEratosthenes" 
:280536:250485155:20615056:0:"SieveOfEratosthenes" 
:280536:250485155:20615056:0:"SieveOfEratosthenes" 
:280536:250485155:20615056:0:"SieveOfEratosthenes" 
:280536:250485155:20615056:0:"SieveOfEratosthenes" 
:280536:250485155:20615056:0:"SieveOfEratosthenes" 
:280536:250485155:20615056:0:"SieveOfEratosthenes" 
:280536:250485155:20615056:0:"SieveOfEratosthenes" 
:280536:250485155:20615056:0:"SieveOfEratosthenes" 
:280564:267151821:20620600:2:"seq.default" "seq" "SieveOfEratosthenes" 
:280564:267151821:20620600:0:"seq.default" "seq" "SieveOfEratosthenes" 
:280564:267151821:20620600:0:"seq.default" "seq" "SieveOfEratosthenes" 
:280564:267151821:20620600:0:"seq.default" "seq" "SieveOfEratosthenes" 
:280564:267151821:20620600:0:"seq.default" "seq" "SieveOfEratosthenes" 
:280564:267151821:20620600:0:"seq.default" "seq" "SieveOfEratosthenes" 
:280564:267151821:20620600:0:"seq.default" "seq" "SieveOfEratosthenes" 
:280564:267151821:20620600:0:"seq.default" "seq" "SieveOfEratosthenes" 
:280564:267151821:20620600:0:"seq.default" "seq" "SieveOfEratosthenes" 
:280564:267151821:20620600:0:"seq.default" "seq" "SieveOfEratosthenes" 
:280564:267151821:20620600:0:"seq.default" "seq" "SieveOfEratosthenes" 
:280564:267151821:20620600:0:"seq.default" "seq" "SieveOfEratosthenes" 
:280564:267151821:20620600:0:"seq.default" "seq" "SieveOfEratosthenes" 
:280564:267151821:20620600:0:"seq.default" "seq" "SieveOfEratosthenes" 
:280564:267151821:20620600:0:"seq.default" "seq" "SieveOfEratosthenes" 
:280564:267151821:20620600:0:"seq.default" "seq" "SieveOfEratosthenes" 
:280564:267151821:20620600:0:"seq.default" "seq" "SieveOfEratosthenes" 
:280564:267151821:20620600:0:"seq.default" "seq" "SieveOfEratosthenes" 
:280564:267151821:20620600:0:"seq.default" "seq" "SieveOfEratosthenes" 
:280564:267151821:20620600:0:"seq.default" "seq" "SieveOfEratosthenes" 
:280573:217151822:20624968:1:"pmin" "seq.default" "seq" "SieveOfEratosthenes" 
:280544:258818484:20617688:0:"pmin" "seq.default" "seq" "SieveOfEratosthenes" 
:280544:258818484:20617688:0:"pmin" "seq.default" "seq" "SieveOfEratosthenes" 
:280544:258818484:20617688:0:"pmin" "seq.default" "seq" "SieveOfEratosthenes" 
:280544:258818484:20617688:0:"pmin" "seq.default" "seq" "SieveOfEratosthenes" 
:280544:258818484:20617688:0:"pmin" "seq.default" "seq" "SieveOfEratosthenes" 
:280544:258818484:20617688:0:"pmin" "seq.default" "seq" "SieveOfEratosthenes" 
:280544:258818484:20617688:0:"pmin" "seq.default" "seq" "SieveOfEratosthenes" 
:280544:258818484:20617688:0:"pmin" "seq.default" "seq" "SieveOfEratosthenes" 
:280544:258818484:20617688:0:"pmin" "seq.default" "seq" "SieveOfEratosthenes" 
:280544:258818484:20617688:0:"pmin" "seq.default" "seq" "SieveOfEratosthenes" 
:280544:258818484:20617688:0:"pmin" "seq.default" "seq" "SieveOfEratosthenes" 
:280544:258818484:20617688:0:"pmin" "seq.default" "seq" "SieveOfEratosthenes" 
:280544:258818484:20617688:0:"pmin" "seq.default" "seq" "SieveOfEratosthenes" 
:280544:258818484:20617688:0:"pmin" "seq.default" "seq" "SieveOfEratosthenes" 
:280544:258818484:20617688:0:"pmin" "seq.default" "seq" "SieveOfEratosthenes" 
:280544:258818484:20617688:0:"pmin" "seq.default" "seq" "SieveOfEratosthenes" 
:280544:258818484:20617688:0:"pmin" "seq.default" "seq" "SieveOfEratosthenes" 
:280544:258818484:20617688:0:"pmin" "seq.default" "seq" "SieveOfEratosthenes" 
:280544:258818484:20617688:0:"pmin" "seq.default" "seq" "SieveOfEratosthenes" 
:280544:258818484:20617688:0:"pmin" "seq.default" "seq" "SieveOfEratosthenes" 
:280544:258818484:20617688:0:"pmin" "seq.default" "seq" "SieveOfEratosthenes" 
:280544:258818484:20617688:0:"pmin" "seq.default" "seq" "SieveOfEratosthenes" 
:280545:258818484:20618472:0:"SieveOfEratosthenes" 
:280545:258818484:20618472:0:"SieveOfEratosthenes" 
:280545:258818484:20618472:0:"SieveOfEratosthenes" 
:280545:258818484:20618472:0:"SieveOfEratosthenes" 
:280545:258818484:20618472:0:"SieveOfEratosthenes" 
:280545:258818484:20618472:0:"SieveOfEratosthenes" 
:280545:258818484:20618472:0:"SieveOfEratosthenes" 
:280545:258818484:20618472:0:"SieveOfEratosthenes" 
:280545:258818484:20618472:0:"SieveOfEratosthenes" 
:280545:233818484:20618472:0:"SieveOfEratosthenes" 
:280545:167151819:20618472:0:"SieveOfEratosthenes" 
:280545:133818488:20618472:0:"SieveOfEratosthenes" 
:280528:150485154:20611080:0:"SieveOfEratosthenes" 
:280528:150485154:20611080:0:"SieveOfEratosthenes" 
:280528:150485154:20611080:0:"SieveOfEratosthenes" 
:280528:150485154:20611080:0:"SieveOfEratosthenes" 
:280528:150485154:20611080:0:"SieveOfEratosthenes" 
:280528:150485154:20611080:0:"SieveOfEratosthenes" 
:280528:150485154:20611080:0:"SieveOfEratosthenes" 
:280528:150485154:20611080:0:"SieveOfEratosthenes" 
:280556:160485152:20616624:2:"seq.default" "seq" "SieveOfEratosthenes" 
:280556:160485152:20616624:0:"seq.default" "seq" "SieveOfEratosthenes" 
:280556:160485152:20616624:0:"seq.default" "seq" "SieveOfEratosthenes" 
:280556:160485152:20616624:0:"seq.default" "seq" "SieveOfEratosthenes" 
:280556:160485152:20616624:0:"seq.default" "seq" "SieveOfEratosthenes" 
:280556:160485152:20616624:0:"seq.default" "seq" "SieveOfEratosthenes" 
:280556:160485152:20616624:0:"seq.default" "seq" "SieveOfEratosthenes" 
:280556:160485152:20616624:0:"seq.default" "seq" "SieveOfEratosthenes" 
:280556:160485152:20616624:0:"seq.default" "seq" "SieveOfEratosthenes" 
:280565:200485144:20621104:1:"pmin" "seq.default" "seq" "SieveOfEratosthenes" 
:280565:200485144:20621104:0:"pmin" "seq.default" "seq" "SieveOfEratosthenes" 
:280565:200485144:20621104:0:"pmin" "seq.default" "seq" "SieveOfEratosthenes" 
:280565:200485144:20621104:0:"pmin" "seq.default" "seq" "SieveOfEratosthenes" 
:280565:200485144:20621104:0:"pmin" "seq.default" "seq" "SieveOfEratosthenes" 
:280565:200485144:20621104:0:"pmin" "seq.default" "seq" "SieveOfEratosthenes" 
:280565:200485144:20621104:0:"pmin" "seq.default" "seq" "SieveOfEratosthenes" 
:280565:200485144:20621104:0:"pmin" "seq.default" "seq" "SieveOfEratosthenes" 
:280565:200485144:20621104:0:"pmin" "seq.default" "seq" "SieveOfEratosthenes" 
:280565:200485144:20621104:0:"pmin" "seq.default" "seq" "SieveOfEratosthenes" 
:280565:200485144:20621104:0:"pmin" "seq.default" "seq" "SieveOfEratosthenes" 
:280565:200485144:20621104:0:"pmin" "seq.default" "seq" "SieveOfEratosthenes" 
:280565:200485144:20621104:0:"pmin" "seq.default" "seq" "SieveOfEratosthenes" 
:280566:200485144:20621888:0:"SieveOfEratosthenes" 
:280566:200485144:20621888:0:"SieveOfEratosthenes" 
:280566:200485144:20621888:0:"SieveOfEratosthenes" 
:280566:200485144:20621888:0:"SieveOfEratosthenes" 
:280566:200485144:20621888:0:"SieveOfEratosthenes" 
:280566:210485142:20621944:0:"SieveOfEratosthenes" 
:280566:210485142:20621944:0:"SieveOfEratosthenes" 
:280566:210485142:20621944:0:"SieveOfEratosthenes" 
:280566:210485142:20621944:0:"SieveOfEratosthenes" 
:280566:210485142:20621944:0:"SieveOfEratosthenes" 
:280566:210485142:20621944:0:"SieveOfEratosthenes" 
:280594:217627996:20627488:2:"seq.default" "seq" "SieveOfEratosthenes" 
:280594:217627996:20627488:0:"seq.default" "seq" "SieveOfEratosthenes" 
:280594:217627996:20627488:0:"seq.default" "seq" "SieveOfEratosthenes" 
:280594:217627996:20627488:0:"seq.default" "seq" "SieveOfEratosthenes" 
:280594:217627996:20627488:0:"seq.default" "seq" "SieveOfEratosthenes" 
:280594:217627996:20627488:0:"seq.default" "seq" "SieveOfEratosthenes" 
:280594:217627996:20627488:0:"seq.default" "seq" "SieveOfEratosthenes" 
:280603:246199412:20631968:1:"pmin" "seq.default" "seq" "SieveOfEratosthenes" 
:280603:246199412:20631968:0:"pmin" "seq.default" "seq" "SieveOfEratosthenes" 
:280603:246199412:20631968:0:"pmin" "seq.default" "seq" "SieveOfEratosthenes" 
:280603:246199412:20631968:0:"pmin" "seq.default" "seq" "SieveOfEratosthenes" 
:280603:246199412:20631968:0:"pmin" "seq.default" "seq" "SieveOfEratosthenes" 
:280603:246199412:20631968:0:"pmin" "seq.default" "seq" "SieveOfEratosthenes" 
:280603:246199412:20631968:0:"pmin" "seq.default" "seq" "SieveOfEratosthenes" 
:280603:246199412:20631968:0:"pmin" "seq.default" "seq" "SieveOfEratosthenes" 
:280603:246199412:20631968:0:"pmin" "seq.default" "seq" "SieveOfEratosthenes" 
:280604:246199412:20632752:0:"SieveOfEratosthenes" 
:280604:246199412:20632752:0:"SieveOfEratosthenes" 
:280604:246199412:20632752:0:"SieveOfEratosthenes" 
:280604:253342266:20632808:0:"SieveOfEratosthenes" 
:280604:253342266:20632808:0:"SieveOfEratosthenes" 
:280604:253342266:20632808:0:"SieveOfEratosthenes" 
:280604:253342266:20632808:0:"SieveOfEratosthenes" 
:280604:253342266:20632808:0:"SieveOfEratosthenes" 
:280632:257887716:20638352:2:"seq.default" "seq" "SieveOfEratosthenes" 
:280632:257887716:20638352:0:"seq.default" "seq" "SieveOfEratosthenes" 
:280632:257887716:20638352:0:"seq.default" "seq" "SieveOfEratosthenes" 
:280632:257887716:20638352:0:"seq.default" "seq" "SieveOfEratosthenes" 
:280632:257887716:20638352:0:"seq.default" "seq" "SieveOfEratosthenes" 
:280641:250311949:20642776:1:"pmin" "seq.default" "seq" "SieveOfEratosthenes" 
:280641:220311955:20642776:0:"pmin" "seq.default" "seq" "SieveOfEratosthenes" 
:280641:168883399:20642776:0:"pmin" "seq.default" "seq" "SieveOfEratosthenes" 
:280537:147454837:20614440:0:"pmin" "seq.default" "seq" "SieveOfEratosthenes" 
:280537:156545736:20614496:0:"pmin" "seq.default" "seq" "SieveOfEratosthenes" 
:280537:156545736:20614496:0:"pmin" "seq.default" "seq" "SieveOfEratosthenes" 
:280537:156545736:20614496:0:"pmin" "seq.default" "seq" "SieveOfEratosthenes" 
:280537:156545736:20614496:0:"pmin" "seq.default" "seq" "SieveOfEratosthenes" 
:280538:156545736:20615280:0:"SieveOfEratosthenes" 
:280538:156545736:20615280:0:"SieveOfEratosthenes" 
:280538:161091186:20615336:0:"SieveOfEratosthenes" 
:280538:161091186:20615336:0:"SieveOfEratosthenes" 
:280538:161091186:20615336:0:"SieveOfEratosthenes" 
:280566:164937334:20620880:2:"seq.default" "seq" "SieveOfEratosthenes" 
:280566:164937334:20620880:0:"seq.default" "seq" "SieveOfEratosthenes" 
:280566:164937334:20620880:0:"seq.default" "seq" "SieveOfEratosthenes" 
:280575:180321924:20625360:1:"pmin" "seq.default" "seq" "SieveOfEratosthenes" 
:280575:180321924:20625360:0:"pmin" "seq.default" "seq" "SieveOfEratosthenes" 
:280575:180321924:20625360:0:"pmin" "seq.default" "seq" "SieveOfEratosthenes" 
:280576:180321924:20626144:0:"SieveOfEratosthenes" 
:280576:180321924:20626144:0:"SieveOfEratosthenes" 
:280576:184168072:20626200:0:"SieveOfEratosthenes" 
:280576:184168072:20626200:0:"SieveOfEratosthenes" 
:280576:184168072:20626200:0:"SieveOfEratosthenes" 
:280604:187109240:20631744:2:"seq.default" "seq" "SieveOfEratosthenes" 
:280604:187109240:20631744:0:"seq.default" "seq" "SieveOfEratosthenes" 
:280604:187109240:20631744:0:"seq.default" "seq" "SieveOfEratosthenes" 
:280613:198873912:20636224:1:"pmin" "seq.default" "seq" "SieveOfEratosthenes" 
:280613:198873912:20636224:0:"pmin" "seq.default" "seq" "SieveOfEratosthenes" 
:280613:198873912:20636224:0:"pmin" "seq.default" "seq" "SieveOfEratosthenes" 
:280613:198873912:20636224:0:"pmin" "seq.default" "seq" "SieveOfEratosthenes" 
:280614:198873912:20637008:0:"SieveOfEratosthenes" 
:280614:201815080:20637064:0:"SieveOfEratosthenes" 
:280614:201815080:20637064:0:"SieveOfEratosthenes" 
:280614:201815080:20637064:0:"SieveOfEratosthenes" 
:280642:204446650:20642608:2:"seq.default" "seq" "SieveOfEratosthenes" 
:280642:204446650:20642608:0:"seq.default" "seq" "SieveOfEratosthenes" 
:280651:214972928:20647088:1:"pmin" "seq.default" "seq" "SieveOfEratosthenes" 
:280651:214972928:20647088:0:"pmin" "seq.default" "seq" "SieveOfEratosthenes" 
:280651:214972928:20647088:0:"pmin" "seq.default" "seq" "SieveOfEratosthenes" 
:280651:214972928:20647088:0:"pmin" "seq.default" "seq" "SieveOfEratosthenes" 
:280652:214972928:20647872:0:"SieveOfEratosthenes" 
:280652:217604498:20647928:0:"SieveOfEratosthenes" 
:280652:217604498:20647928:0:"SieveOfEratosthenes" 
:280652:217604498:20647928:0:"SieveOfEratosthenes" 
:280680:219778400:20653472:2:"seq.default" "seq" "SieveOfEratosthenes" 
:280680:219778400:20653472:0:"seq.default" "seq" "SieveOfEratosthenes" 
:280689:228474008:20657952:1:"pmin" "seq.default" "seq" "SieveOfEratosthenes" 
:280689:228474008:20657952:0:"pmin" "seq.default" "seq" "SieveOfEratosthenes" 
:280689:228474008:20657952:0:"pmin" "seq.default" "seq" "SieveOfEratosthenes" 
:280690:228474008:20658736:0:"SieveOfEratosthenes" 
:280690:230647910:20658792:0:"SieveOfEratosthenes" 
:280690:230647910:20658792:0:"SieveOfEratosthenes" 
:280690:230647910:20658792:0:"SieveOfEratosthenes" 
:280718:232372034:20664336:2:"seq.default" "seq" "SieveOfEratosthenes" 
:280718:232372034:20664336:0:"seq.default" "seq" "SieveOfEratosthenes" 
:280727:239268528:20668816:1:"pmin" "seq.default" "seq" "SieveOfEratosthenes" 
:280727:239268528:20668816:0:"pmin" "seq.default" "seq" "SieveOfEratosthenes" 
:280728:239268528:20669600:0:"SieveOfEratosthenes" 
:280728:240992652:20669656:0:"SieveOfEratosthenes" 
:280728:240992652:20669656:0:"SieveOfEratosthenes" 
:280728:240992652:20669656:0:"SieveOfEratosthenes" 
:280756:242605540:20675200:2:"seq.default" "seq" "SieveOfEratosthenes" 
:280756:242605540:20675200:0:"seq.default" "seq" "SieveOfEratosthenes" 
:280765:249057092:20679680:1:"pmin" "seq.default" "seq" "SieveOfEratosthenes" 
:280765:249057092:20679680:0:"pmin" "seq.default" "seq" "SieveOfEratosthenes" 
:280765:249057092:20679680:0:"pmin" "seq.default" "seq" "SieveOfEratosthenes" 
:280766:249057092:20680464:0:"SieveOfEratosthenes" 
:280766:250669980:20680520:0:"SieveOfEratosthenes" 
:280766:250669980:20680520:0:"SieveOfEratosthenes" 
:280794:252021313:20686064:2:"seq.default" "seq" "SieveOfEratosthenes" 
:280794:252021313:20686064:0:"seq.default" "seq" "SieveOfEratosthenes" 
:280803:257426645:20690544:1:"pmin" "seq.default" "seq" "SieveOfEratosthenes" 
:280803:257426645:20690544:0:"pmin" "seq.default" "seq" "SieveOfEratosthenes" 
:280803:257426645:20690544:0:"pmin" "seq.default" "seq" "SieveOfEratosthenes" 
:280804:257426645:20691328:0:"SieveOfEratosthenes" 
:280804:258777978:20691384:0:"SieveOfEratosthenes" 
:280805:258777978:20691440:0:"SieveOfEratosthenes" 
:280832:259997470:20696928:2:"seq.default" "seq" "SieveOfEratosthenes" 
:280841:264875438:20701408:1:"pmin" "seq.default" "seq" "SieveOfEratosthenes" 
:280841:264875438:20701408:0:"pmin" "seq.default" "seq" "SieveOfEratosthenes" 
:280841:264875438:20701408:0:"pmin" "seq.default" "seq" "SieveOfEratosthenes" 
:280842:266094930:20702248:0:"SieveOfEratosthenes" 
:280842:266094930:20702248:0:"SieveOfEratosthenes" 
:280870:267257700:20707792:2:"seq.default" "seq" "SieveOfEratosthenes" 
:280879:271908778:20712272:1:"pmin" "seq.default" "seq" "SieveOfEratosthenes" 
:280879:271908778:20712272:0:"pmin" "seq.default" "seq" "SieveOfEratosthenes" 
:280880:271908778:20713056:0:"SieveOfEratosthenes" 
:280880:246733986:20713056:0:"SieveOfEratosthenes" 
:280880:226372039:20713056:0:"SieveOfEratosthenes" 
:280880:204390687:20713056:0:"SieveOfEratosthenes" 
:280880:190889607:20713056:0:"SieveOfEratosthenes" 
:280880:180095087:20713056:0:"SieveOfEratosthenes" 
:280880:161936970:20713056:0:"SieveOfEratosthenes" 
:280539:150943146:20614832:0:"SieveOfEratosthenes" 
:280539:150943146:20614832:0:"SieveOfEratosthenes" 
:280567:152006953:20620376:2:"seq.default" "seq" "SieveOfEratosthenes" 
:280576:156262179:20624856:1:"pmin" "seq.default" "seq" "SieveOfEratosthenes" 
:280577:156262179:20625640:0:"SieveOfEratosthenes" 
:280577:157325986:20625696:0:"SieveOfEratosthenes" 
:280605:158269356:20631240:2:"seq.default" "seq" "SieveOfEratosthenes" 
:280615:162042836:20636504:1:"SieveOfEratosthenes" 
:280615:162986206:20636560:0:"SieveOfEratosthenes" 
:280643:163833635:20642104:2:"seq.default" "seq" "SieveOfEratosthenes" 
:280653:167223349:20647368:1:"SieveOfEratosthenes" 
:280654:168070778:20647480:0:"SieveOfEratosthenes" 
:280690:170529704:20657392:3:"pmin" "seq.default" "seq" "SieveOfEratosthenes" 
:280691:172168988:20658232:0:"SieveOfEratosthenes" 
:280691:172988630:20658288:0:"SieveOfEratosthenes" 
:280728:176719808:20668312:3:"pmin" "seq.default" "seq" "SieveOfEratosthenes" 
:280729:176719808:20669096:0:"SieveOfEratosthenes" 
:280757:177466044:20674640:2:"seq.default" "seq" "SieveOfEratosthenes" 
:280766:180986994:20679176:1:"pmin" "seq.default" "seq" "SieveOfEratosthenes" 
:280767:180986994:20679960:0:"SieveOfEratosthenes" 
:280795:182376080:20685560:2:"seq.default" "seq" "SieveOfEratosthenes" 
:280804:185115662:20690040:1:"pmin" "seq.default" "seq" "SieveOfEratosthenes" 
:280805:185800558:20690880:0:"SieveOfEratosthenes" 
:280833:186433430:20696424:2:"seq.default" "seq" "SieveOfEratosthenes" 
:280842:188964918:20700904:1:"pmin" "seq.default" "seq" "SieveOfEratosthenes" 
:280843:189597790:20701744:0:"SieveOfEratosthenes" 
:280871:190200159:20707288:2:"seq.default" "seq" "SieveOfEratosthenes" 
:280880:192609633:20711768:1:"pmin" "seq.default" "seq" "SieveOfEratosthenes" 
:280881:193212002:20712608:0:"SieveOfEratosthenes" 
:280918:196020770:20722632:3:"pmin" "seq.default" "seq" "SieveOfEratosthenes" 
:280919:196582524:20723472:0:"SieveOfEratosthenes" 
:280947:197097940:20729016:2:"seq.default" "seq" "SieveOfEratosthenes" 
:280957:199159602:20734280:1:"SieveOfEratosthenes" 
:280985:200170018:20739880:2:"seq.default" "seq" "SieveOfEratosthenes" 
:280995:202150016:20745144:1:"SieveOfEratosthenes" 
:281032:203130402:20755112:3:"pmin" "seq.default" "seq" "SieveOfEratosthenes" 
:281033:205557330:20756064:0:"SieveOfEratosthenes" 
:281070:206024567:20765976:3:"pmin" "seq.default" "seq" "SieveOfEratosthenes" 
:281071:208360750:20766928:0:"SieveOfEratosthenes" 
:281108:210654058:20776952:3:"pmin" "seq.default" "seq" "SieveOfEratosthenes" 
:281109:211112720:20777792:0:"SieveOfEratosthenes" 
:281146:213324828:20787816:3:"pmin" "seq.default" "seq" "SieveOfEratosthenes" 
:281175:214160888:20794200:2:"seq.default" "seq" "SieveOfEratosthenes" 
:281185:215735438:20799464:1:"SieveOfEratosthenes" 
:281222:218037146:20809544:3:"pmin" "seq.default" "seq" "SieveOfEratosthenes" 
:281251:218418760:20815872:2:"seq.default" "seq" "SieveOfEratosthenes" 
:281261:220243238:20821192:1:"SieveOfEratosthenes" 
:281298:222406349:20831272:3:"pmin" "seq.default" "seq" "SieveOfEratosthenes" 
:281299:222765992:20832112:0:"SieveOfEratosthenes" 
:281337:224443472:20842920:3:"SieveOfEratosthenes" 
:281374:226434221:20853000:3:"pmin" "seq.default" "seq" "SieveOfEratosthenes" 
:281412:227083665:20863752:3:"pmin" "seq.default" "seq" "SieveOfEratosthenes" 
:281413:228675630:20864704:0:"SieveOfEratosthenes" 
:281451:230515632:20875568:3:"SieveOfEratosthenes" 
:281489:232012222:20886376:3:"SieveOfEratosthenes" 
:281527:233756195:20897240:3:"SieveOfEratosthenes" 
:281564:235441329:20907320:3:"pmin" "seq.default" "seq" "SieveOfEratosthenes" 
:281602:235996723:20918072:3:"pmin" "seq.default" "seq" "SieveOfEratosthenes" 
:281640:237639173:20928936:3:"pmin" "seq.default" "seq" "SieveOfEratosthenes" 
:281669:239206569:20935432:2:"seq.default" "seq" "SieveOfEratosthenes" 
:281707:240755133:20946296:3:"seq.default" "seq" "SieveOfEratosthenes" 
:281745:242274835:20957160:3:"seq.default" "seq" "SieveOfEratosthenes" 
:281783:243530620:20967968:3:"seq.default" "seq" "SieveOfEratosthenes" 
:281821:245175894:20978888:3:"seq.default" "seq" "SieveOfEratosthenes" 
:281868:246516565:20994120:4:"pmin" "seq.default" "seq" "SieveOfEratosthenes" 
:281906:248708453:21005096:3:"pmin" "seq.default" "seq" "SieveOfEratosthenes" 
:281944:249999060:21015960:3:"pmin" "seq.default" "seq" "SieveOfEratosthenes" 
:281982:251258966:21026824:3:"pmin" "seq.default" "seq" "SieveOfEratosthenes" 
:282021:252504795:21038472:3:"SieveOfEratosthenes" 
:282085:253906612:21054768:5:"as.integer" "seq.default" "seq" "SieveOfEratosthenes" 
:282125:255263143:21065800:3:"seq.default" "seq" "SieveOfEratosthenes" 
:282163:256398798:21076664:3:"seq.default" "seq" "SieveOfEratosthenes" 
:282211:258249329:21092792:4:"SieveOfEratosthenes" 
:282250:259515898:21103768:3:"SieveOfEratosthenes" 
:282324:261465357:21124600:6:"pmin" "seq.default" "seq" "SieveOfEratosthenes" 
:282362:262494404:21135464:3:"pmin" "seq.default" "seq" "SieveOfEratosthenes" 
:282401:263641184:21147168:3:"SieveOfEratosthenes" 
:282467:264764472:21163576:5:"seq.default" "seq" "SieveOfEratosthenes" 
:282514:265719983:21178808:4:"pmin" "seq.default" "seq" "SieveOfEratosthenes" 
:282553:267262296:21190568:3:"SieveOfEratosthenes" 
:282619:268302386:21206976:5:"seq.default" "seq" "SieveOfEratosthenes" 
:282666:269881360:21222376:4:"pmin" "seq.default" "seq" "SieveOfEratosthenes" 
:282733:271012351:21239624:5:"seq.default" "seq" "SieveOfEratosthenes" 
:282781:272388117:21255752:4:"SieveOfEratosthenes" 
:282818:253547992:21265720:3:"pmin" "seq.default" "seq" "SieveOfEratosthenes" 
:282818:236637854:21265720:0:"pmin" "seq.default" "seq" "SieveOfEratosthenes" 
:282818:221278395:21265720:0:"pmin" "seq.default" "seq" "SieveOfEratosthenes" 
:282818:203654756:21265720:0:"pmin" "seq.default" "seq" "SieveOfEratosthenes" 
:282818:186441689:21265720:0:"pmin" "seq.default" "seq" "SieveOfEratosthenes" 
:282818:167559677:21265720:0:"pmin" "seq.default" "seq" "SieveOfEratosthenes" 
:280549:150583548:20619088:0:"SieveOfEratosthenes" 
:280662:152284453:20650728:9:"pmin" "seq.default" "seq" "SieveOfEratosthenes" 
:280738:153805124:20672456:6:"pmin" "seq.default" "seq" "SieveOfEratosthenes" 
:280814:155278957:20694184:6:"pmin" "seq.default" "seq" "SieveOfEratosthenes" 
:280881:156701692:20711544:5:"seq.default" "seq" "SieveOfEratosthenes" 
:280957:158085880:20733272:6:"seq.default" "seq" "SieveOfEratosthenes" 
:281033:159441269:20755000:6:"seq.default" "seq" "SieveOfEratosthenes" 
:281118:160760258:20781096:7:"pmin" "seq.default" "seq" "SieveOfEratosthenes" 
:281194:162054799:20802824:6:"pmin" "seq.default" "seq" "SieveOfEratosthenes" 
:281271:163725964:20825448:6:"SieveOfEratosthenes" 
:281375:165037622:20852720:8:"seq.default" "seq" "SieveOfEratosthenes" 
:281460:166698949:20878984:7:"pmin" "seq.default" "seq" "SieveOfEratosthenes" 
:281537:167827459:20901496:6:"SieveOfEratosthenes" 
:281650:169445993:20933304:9:"pmin" "seq.default" "seq" "SieveOfEratosthenes" 
:281755:170583740:20961360:8:"seq.default" "seq" "SieveOfEratosthenes" 
:281840:172031361:20987624:7:"pmin" "seq.default" "seq" "SieveOfEratosthenes" 
:281945:173193857:21015736:8:"seq.default" "seq" "SieveOfEratosthenes" 
:282031:174495407:21042728:7:"SieveOfEratosthenes" 
:282135:175532476:21070000:8:"seq.default" "seq" "SieveOfEratosthenes" 
:282249:176924948:21102592:9:"seq.default" "seq" "SieveOfEratosthenes" 
:282363:178287548:21135184:9:"seq.default" "seq" "SieveOfEratosthenes" 
:282477:179609588:21167776:9:"seq.default" "seq" "SieveOfEratosthenes" 
:282591:180888536:21200368:9:"seq.default" "seq" "SieveOfEratosthenes" 
:282705:182121184:21232960:9:"seq.default" "seq" "SieveOfEratosthenes" 
:282819:183389352:21265608:9:"seq.default" "seq" "SieveOfEratosthenes" 
:282905:184497464:21292656:7:"SieveOfEratosthenes" 
:283056:185943105:21335272:12:"pmin" "seq.default" "seq" "SieveOfEratosthenes" 
:283199:187096986:21374192:11:"seq.default" "seq" "SieveOfEratosthenes" 
:283323:188520858:21412160:10:"SieveOfEratosthenes" 
:283475:189842925:21455560:12:"SieveOfEratosthenes" 
:283626:191183414:21498232:12:"pmin" "seq.default" "seq" "SieveOfEratosthenes" 
:283778:192261388:21541576:12:"pmin" "seq.default" "seq" "SieveOfEratosthenes" 
:283921:193467732:21580608:11:"seq.default" "seq" "SieveOfEratosthenes" 
:284073:194737453:21624120:12:"seq.default" "seq" "SieveOfEratosthenes" 
:284225:195872572:21667520:12:"seq.default" "seq" "SieveOfEratosthenes" 
:284386:197077508:21715400:13:"pmin" "seq.default" "seq" "SieveOfEratosthenes" 
:284539:198392758:21759752:12:"SieveOfEratosthenes" 
:284691:199487132:21803208:12:"SieveOfEratosthenes" 
:284842:200559407:21845880:12:"pmin" "seq.default" "seq" "SieveOfEratosthenes" 
:285032:201686059:21900088:15:"pmin" "seq.default" "seq" "SieveOfEratosthenes" 
:285213:202898346:21949984:14:"seq.default" "seq" "SieveOfEratosthenes" 
:285403:204113126:22004304:15:"seq.default" "seq" "SieveOfEratosthenes" 
:285602:205332458:22063048:16:"pmin" "seq.default" "seq" "SieveOfEratosthenes" 
:285792:206628414:22117480:15:"pmin" "seq.default" "seq" "SieveOfEratosthenes" 
:285983:207786868:22172640:15:"SieveOfEratosthenes" 
:286201:208891076:22232504:17:"seq.default" "seq" "SieveOfEratosthenes" 
:286429:210092366:22297632:18:"seq.default" "seq" "SieveOfEratosthenes" 
:286628:211133665:22356376:16:"pmin" "seq.default" "seq" "SieveOfEratosthenes" 
:286818:212250411:22410808:15:"pmin" "seq.default" "seq" "SieveOfEratosthenes" 
:287046:213271048:22475880:18:"pmin" "seq.default" "seq" "SieveOfEratosthenes" 
:287237:214328135:22531096:15:"SieveOfEratosthenes" 
:287493:215449660:22601824:20:"seq.default" "seq" "SieveOfEratosthenes" 
:287759:216688934:22677872:21:"seq.default" "seq" "SieveOfEratosthenes" 
:287959:217712750:22737568:16:"SieveOfEratosthenes" 
:288262:219007233:22823640:24:"pmin" "seq.default" "seq" "SieveOfEratosthenes" 
:288557:220148000:22906016:23:"seq.default" "seq" "SieveOfEratosthenes" 
:288861:221377452:22992928:24:"seq.default" "seq" "SieveOfEratosthenes" 
:289174:222680778:23084376:25:"pmin" "seq.default" "seq" "SieveOfEratosthenes" 
:289479:223824001:23172072:24:"SieveOfEratosthenes" 
:289773:224816030:23253664:23:"seq.default" "seq" "SieveOfEratosthenes" 
:290086:226004971:23345112:25:"pmin" "seq.default" "seq" "SieveOfEratosthenes" 
:290391:227061492:23432864:24:"SieveOfEratosthenes" 
:290770:228290322:23540664:30:"pmin" "seq.default" "seq" "SieveOfEratosthenes" 
:291179:229516580:23655632:32:"seq.default" "seq" "SieveOfEratosthenes" 
:291531:230667820:23758728:28:"SieveOfEratosthenes" 
:291939:231809104:23872912:32:"seq.default" "seq" "SieveOfEratosthenes" 
:292404:233112453:24007704:37:"pmin" "seq.default" "seq" "SieveOfEratosthenes" 
:292822:234318086:24127320:33:"pmin" "seq.default" "seq" "SieveOfEratosthenes" 
:293307:235552016:24264072:38:"seq.default" "seq" "SieveOfEratosthenes" 
:293810:236799117:24409672:40:"pmin" "seq.default" "seq" "SieveOfEratosthenes" 
:294228:237870427:24529288:33:"pmin" "seq.default" "seq" "SieveOfEratosthenes" 
:294684:238928081:24659656:36:"pmin" "seq.default" "seq" "SieveOfEratosthenes" 
:295245:240117544:24818080:44:"seq.default" "seq" "SieveOfEratosthenes" 
:295853:241401548:24991904:48:"seq.default" "seq" "SieveOfEratosthenes" 
:296470:242635846:25170152:49:"pmin" "seq.default" "seq" "SieveOfEratosthenes" 
:297192:244066949:25376680:57:"pmin" "seq.default" "seq" "SieveOfEratosthenes" 
:298028:245531269:25615576:66:"pmin" "seq.default" "seq" "SieveOfEratosthenes" 
:298902:247011719:25865448:69:"pmin" "seq.default" "seq" "SieveOfEratosthenes" 
:299777:248445828:26116272:69:"SieveOfEratosthenes" 
:300537:249568310:26333496:60:"SieveOfEratosthenes" 
:301524:250906651:26615064:78:"pmin" "seq.default" "seq" "SieveOfEratosthenes" 
:302693:252417214:26947480:92:"seq.default" "seq" "SieveOfEratosthenes" 
:303871:253800662:27284264:93:"seq.default" "seq" "SieveOfEratosthenes" 
:305096:255124563:27636392:97:"pmin" "seq.default" "seq" "SieveOfEratosthenes" 
:306379:256355359:28001288:101:"seq.default" "seq" "SieveOfEratosthenes" 
:307899:257681930:28435848:120:"seq.default" "seq" "SieveOfEratosthenes" 
:309847:259167350:28995176:154:"SieveOfEratosthenes" 
:312051:260550961:29625288:174:"SieveOfEratosthenes" 
:314321:261679671:30271864:179:"seq.default" "seq" "SieveOfEratosthenes" 
:318359:263067428:31428768:319:"SieveOfEratosthenes" 
:324441:263800420:33167400:481:"sum" "SieveOfEratosthenes" 
:324441:263800420:33167400:0:"sum" "SieveOfEratosthenes" 
:324441:263800420:33167400:0:"sum" "SieveOfEratosthenes" 
:324441:263800420:33167400:0:"sum" "SieveOfEratosthenes" 
:324441:263800420:33167400:0:"sum" "SieveOfEratosthenes" 
:324441:263800420:33167400:0:"sum" "SieveOfEratosthenes" 
:324442:263800420:33167736:1:"sum" "SieveOfEratosthenes" 
:324442:263800420:33167736:0:"sum" "SieveOfEratosthenes" 
:324442:263800420:33167736:0:"sum" "SieveOfEratosthenes" 
:324442:263800420:33167736:0:"sum" "SieveOfEratosthenes" 
:324442:263800420:33167736:0:"sum" "SieveOfEratosthenes" 
:324442:263800420:33167736:0:"sum" "SieveOfEratosthenes" 
